This is XeTeX, Version 3.14159265-2.6-0.999992 (TeX Live 2020/W32TeX) (preloaded format=xelatex 2021.3.28)  30 JUN 2023 23:38
entering extended mode
 restricted \write18 enabled.
 %&-line parsing enabled.
**report.tex
(./report.tex
LaTeX2e <2020-02-02> patch level 5
L3 programming layer <2020-03-06> (c:/texlive/2020/texmf-dist/tex/latex/base/article.cls
Document Class: article 2019/12/20 v1.4l Standard LaTeX document class
(c:/texlive/2020/texmf-dist/tex/latex/base/size12.clo
File: size12.clo 2019/12/20 v1.4l Standard LaTeX file (size option)
)
\c@part=\count163
\c@section=\count164
\c@subsection=\count165
\c@subsubsection=\count166
\c@paragraph=\count167
\c@subparagraph=\count168
\c@figure=\count169
\c@table=\count170
\abovecaptionskip=\skip47
\belowcaptionskip=\skip48
\bibindent=\dimen134
) (c:/texlive/2020/texmf-dist/tex/latex/amsmath/amsmath.sty
Package: amsmath 2020/01/20 v2.17e AMS math features
\@mathmargin=\skip49
For additional information on amsmath, use the `?' option.
(c:/texlive/2020/texmf-dist/tex/latex/amsmath/amstext.sty
Package: amstext 2000/06/29 v2.01 AMS text
(c:/texlive/2020/texmf-dist/tex/latex/amsmath/amsgen.sty
File: amsgen.sty 1999/11/30 v2.0 generic functions
\@emptytoks=\toks15
\ex@=\dimen135
)) (c:/texlive/2020/texmf-dist/tex/latex/amsmath/amsbsy.sty
Package: amsbsy 1999/11/29 v1.2d Bold Symbols
\pmbraise@=\dimen136
) (c:/texlive/2020/texmf-dist/tex/latex/amsmath/amsopn.sty
Package: amsopn 2016/03/08 v2.02 operator names
)
\inf@bad=\count171
LaTeX Info: Redefining \frac on input line 227.
\uproot@=\count172
\leftroot@=\count173
LaTeX Info: Redefining \overline on input line 389.
\classnum@=\count174
\DOTSCASE@=\count175
LaTeX Info: Redefining \ldots on input line 486.
LaTeX Info: Redefining \dots on input line 489.
LaTeX Info: Redefining \cdots on input line 610.
\Mathstrutbox@=\box45
\strutbox@=\box46
\big@size=\dimen137
LaTeX Font Info:    Redeclaring font encoding OML on input line 733.
LaTeX Font Info:    Redeclaring font encoding OMS on input line 734.
\macc@depth=\count176
\c@MaxMatrixCols=\count177
\dotsspace@=\muskip16
\c@parentequation=\count178
\dspbrk@lvl=\count179
\tag@help=\toks16
\row@=\count180
\column@=\count181
\maxfields@=\count182
\andhelp@=\toks17
\eqnshift@=\dimen138
\alignsep@=\dimen139
\tagshift@=\dimen140
\tagwidth@=\dimen141
\totwidth@=\dimen142
\lineht@=\dimen143
\@envbody=\toks18
\multlinegap=\skip50
\multlinetaggap=\skip51
\mathdisplay@stack=\toks19
LaTeX Info: Redefining \[ on input line 2859.
LaTeX Info: Redefining \] on input line 2860.
) (c:/texlive/2020/texmf-dist/tex/latex/amsfonts/amssymb.sty
Package: amssymb 2013/01/14 v3.01 AMS font symbols
(c:/texlive/2020/texmf-dist/tex/latex/amsfonts/amsfonts.sty
Package: amsfonts 2013/01/14 v3.01 Basic AMSFonts support
\symAMSa=\mathgroup4
\symAMSb=\mathgroup5
LaTeX Font Info:    Redeclaring math symbol \hbar on input line 98.
LaTeX Font Info:    Overwriting math alphabet `\mathfrak' in version `bold'
(Font)                  U/euf/m/n --> U/euf/b/n on input line 106.
)) (c:/texlive/2020/texmf-dist/tex/latex/lm/lmodern.sty
Package: lmodern 2009/10/30 v1.6 Latin Modern Fonts
LaTeX Font Info:    Overwriting symbol font `operators' in version `normal'
(Font)                  OT1/cmr/m/n --> OT1/lmr/m/n on input line 22.
LaTeX Font Info:    Overwriting symbol font `letters' in version `normal'
(Font)                  OML/cmm/m/it --> OML/lmm/m/it on input line 23.
LaTeX Font Info:    Overwriting symbol font `symbols' in version `normal'
(Font)                  OMS/cmsy/m/n --> OMS/lmsy/m/n on input line 24.
LaTeX Font Info:    Overwriting symbol font `largesymbols' in version `normal'
(Font)                  OMX/cmex/m/n --> OMX/lmex/m/n on input line 25.
LaTeX Font Info:    Overwriting symbol font `operators' in version `bold'
(Font)                  OT1/cmr/bx/n --> OT1/lmr/bx/n on input line 26.
LaTeX Font Info:    Overwriting symbol font `letters' in version `bold'
(Font)                  OML/cmm/b/it --> OML/lmm/b/it on input line 27.
LaTeX Font Info:    Overwriting symbol font `symbols' in version `bold'
(Font)                  OMS/cmsy/b/n --> OMS/lmsy/b/n on input line 28.
LaTeX Font Info:    Overwriting symbol font `largesymbols' in version `bold'
(Font)                  OMX/cmex/m/n --> OMX/lmex/m/n on input line 29.
LaTeX Font Info:    Overwriting math alphabet `\mathbf' in version `normal'
(Font)                  OT1/cmr/bx/n --> OT1/lmr/bx/n on input line 31.
LaTeX Font Info:    Overwriting math alphabet `\mathsf' in version `normal'
(Font)                  OT1/cmss/m/n --> OT1/lmss/m/n on input line 32.
LaTeX Font Info:    Overwriting math alphabet `\mathit' in version `normal'
(Font)                  OT1/cmr/m/it --> OT1/lmr/m/it on input line 33.
LaTeX Font Info:    Overwriting math alphabet `\mathtt' in version `normal'
(Font)                  OT1/cmtt/m/n --> OT1/lmtt/m/n on input line 34.
LaTeX Font Info:    Overwriting math alphabet `\mathbf' in version `bold'
(Font)                  OT1/cmr/bx/n --> OT1/lmr/bx/n on input line 35.
LaTeX Font Info:    Overwriting math alphabet `\mathsf' in version `bold'
(Font)                  OT1/cmss/bx/n --> OT1/lmss/bx/n on input line 36.
LaTeX Font Info:    Overwriting math alphabet `\mathit' in version `bold'
(Font)                  OT1/cmr/bx/it --> OT1/lmr/bx/it on input line 37.
LaTeX Font Info:    Overwriting math alphabet `\mathtt' in version `bold'
(Font)                  OT1/cmtt/m/n --> OT1/lmtt/m/n on input line 38.
) (c:/texlive/2020/texmf-dist/tex/generic/iftex/iftex.sty
Package: iftex 2020/03/06 v1.0d TeX engine tests
) (c:/texlive/2020/texmf-dist/tex/latex/unicode-math/unicode-math.sty (c:/texlive/2020/texmf-dist/tex/latex/l3kernel/expl3.sty
Package: expl3 2020-03-06 L3 programming layer (loader) 
(c:/texlive/2020/texmf-dist/tex/latex/l3backend/l3backend-xdvipdfmx.def
File: l3backend-xdvipdfmx.def 2020-03-12 L3 backend support: xdvipdfmx
\g__graphics_track_int=\count183
\l__pdf_internal_box=\box47
\g__pdf_backend_object_int=\count184
\g__pdf_backend_annotation_int=\count185
))
Package: unicode-math 2020/01/31 v0.8q Unicode maths in XeLaTeX and LuaLaTeX
(c:/texlive/2020/texmf-dist/tex/latex/unicode-math/unicode-math-xetex.sty
Package: unicode-math-xetex 2020/01/31 v0.8q Unicode maths in XeLaTeX and LuaLaTeX
(c:/texlive/2020/texmf-dist/tex/latex/l3packages/xparse/xparse.sty
Package: xparse 2020-03-06 L3 Experimental document command parser
\l__xparse_current_arg_int=\count186
\g__xparse_grabber_int=\count187
\l__xparse_m_args_int=\count188
\l__xparse_v_nesting_int=\count189
) (c:/texlive/2020/texmf-dist/tex/latex/l3packages/l3keys2e/l3keys2e.sty
Package: l3keys2e 2020-03-06 LaTeX2e option processing using LaTeX3 keys
) (c:/texlive/2020/texmf-dist/tex/latex/fontspec/fontspec.sty
Package: fontspec 2020/02/21 v2.7i Font selection for XeLaTeX and LuaLaTeX
(c:/texlive/2020/texmf-dist/tex/latex/fontspec/fontspec-xetex.sty
Package: fontspec-xetex 2020/02/21 v2.7i Font selection for XeLaTeX and LuaLaTeX
\l__fontspec_script_int=\count190
\l__fontspec_language_int=\count191
\l__fontspec_strnum_int=\count192
\l__fontspec_tmp_int=\count193
\l__fontspec_tmpa_int=\count194
\l__fontspec_tmpb_int=\count195
\l__fontspec_tmpc_int=\count196
\l__fontspec_em_int=\count197
\l__fontspec_emdef_int=\count198
\l__fontspec_strong_int=\count199
\l__fontspec_strongdef_int=\count266
\l__fontspec_tmpa_dim=\dimen144
\l__fontspec_tmpb_dim=\dimen145
\l__fontspec_tmpc_dim=\dimen146
(c:/texlive/2020/texmf-dist/tex/latex/base/fontenc.sty
Package: fontenc 2020/02/11 v2.0o Standard LaTeX package
) (c:/texlive/2020/texmf-dist/tex/latex/fontspec/fontspec.cfg))) (c:/texlive/2020/texmf-dist/tex/latex/base/fix-cm.sty
Package: fix-cm 2015/01/14 v1.1t fixes to LaTeX
(c:/texlive/2020/texmf-dist/tex/latex/base/ts1enc.def
File: ts1enc.def 2001/06/05 v3.0e (jk/car/fm) Standard LaTeX file
LaTeX Font Info:    Redeclaring font encoding TS1 on input line 47.
))
\g__um_fam_int=\count267
\g__um_fonts_used_int=\count268
\l__um_primecount_int=\count269
\g__um_primekern_muskip=\muskip17
(c:/texlive/2020/texmf-dist/tex/latex/unicode-math/unicode-math-table.tex))) (c:/texlive/2020/texmf-dist/tex/latex/upquote/upquote.sty
Package: upquote 2012/04/19 v1.3 upright-quote and grave-accent glyphs in verbatim
(c:/texlive/2020/texmf-dist/tex/latex/base/textcomp.sty
Package: textcomp 2020/02/02 v2.0n Standard LaTeX package
)) (c:/texlive/2020/texmf-dist/tex/latex/microtype/microtype.sty
Package: microtype 2019/11/18 v2.7d Micro-typographical refinements (RS)
(c:/texlive/2020/texmf-dist/tex/latex/graphics/keyval.sty
Package: keyval 2014/10/28 v1.15 key=value parser (DPC)
\KV@toks@=\toks20
)
\MT@toks=\toks21
\MT@count=\count270
LaTeX Info: Redefining \textls on input line 790.
\MT@outer@kern=\dimen147
LaTeX Info: Redefining \textmicrotypecontext on input line 1354.
\MT@listname@count=\count271
(c:/texlive/2020/texmf-dist/tex/latex/microtype/microtype-xetex.def
File: microtype-xetex.def 2019/11/18 v2.7d Definitions specific to xetex (RS)
LaTeX Info: Redefining \lsstyle on input line 258.
)
Package microtype Info: Loading configuration file microtype.cfg.
(c:/texlive/2020/texmf-dist/tex/latex/microtype/microtype.cfg
File: microtype.cfg 2019/11/18 v2.7d microtype main configuration file (RS)
)) (c:/texlive/2020/texmf-dist/tex/latex/parskip/parskip.sty
Package: parskip 2020-01-22 v2.0d non-zero parskip adjustments
(c:/texlive/2020/texmf-dist/tex/latex/kvoptions/kvoptions.sty
Package: kvoptions 2019/11/29 v3.13 Key value format for package options (HO)
(c:/texlive/2020/texmf-dist/tex/generic/ltxcmds/ltxcmds.sty
Package: ltxcmds 2019/12/15 v1.24 LaTeX kernel commands for general use (HO)
) (c:/texlive/2020/texmf-dist/tex/generic/kvsetkeys/kvsetkeys.sty
Package: kvsetkeys 2019/12/15 v1.18 Key value parser (HO)
)) (c:/texlive/2020/texmf-dist/tex/latex/etoolbox/etoolbox.sty
Package: etoolbox 2019/09/21 v2.5h e-TeX tools for LaTeX (JAW)
\etb@tempcnta=\count272
)) (c:/texlive/2020/texmf-dist/tex/latex/xcolor/xcolor.sty
Package: xcolor 2016/05/11 v2.12 LaTeX color extensions (UK)
(c:/texlive/2020/texmf-dist/tex/latex/graphics-cfg/color.cfg
File: color.cfg 2016/01/02 v1.6 sample color configuration
)
Package xcolor Info: Driver file: xetex.def on input line 225.
(c:/texlive/2020/texmf-dist/tex/latex/graphics-def/xetex.def
File: xetex.def 2017/06/24 v5.0h Graphics/color driver for xetex
)
Package xcolor Info: Model `cmy' substituted by `cmy0' on input line 1348.
Package xcolor Info: Model `RGB' extended on input line 1364.
Package xcolor Info: Model `HTML' substituted by `rgb' on input line 1366.
Package xcolor Info: Model `Hsb' substituted by `hsb' on input line 1367.
Package xcolor Info: Model `tHsb' substituted by `hsb' on input line 1368.
Package xcolor Info: Model `HSB' substituted by `hsb' on input line 1369.
Package xcolor Info: Model `Gray' substituted by `gray' on input line 1370.
Package xcolor Info: Model `wave' substituted by `hsb' on input line 1371.
) (c:/texlive/2020/texmf-dist/tex/latex/geometry/geometry.sty
Package: geometry 2020/01/02 v5.9 Page Geometry
(c:/texlive/2020/texmf-dist/tex/generic/iftex/ifvtex.sty
Package: ifvtex 2019/10/25 v1.7 ifvtex legacy package. Use iftex instead.
)
\Gm@cnth=\count273
\Gm@cntv=\count274
\c@Gm@tempcnt=\count275
\Gm@bindingoffset=\dimen148
\Gm@wd@mp=\dimen149
\Gm@odd@mp=\dimen150
\Gm@even@mp=\dimen151
\Gm@layoutwidth=\dimen152
\Gm@layoutheight=\dimen153
\Gm@layouthoffset=\dimen154
\Gm@layoutvoffset=\dimen155
\Gm@dimlist=\toks22
) (c:/texlive/2020/texmf-dist/tex/latex/graphics/graphicx.sty
Package: graphicx 2019/11/30 v1.2a Enhanced LaTeX Graphics (DPC,SPQR)
(c:/texlive/2020/texmf-dist/tex/latex/graphics/graphics.sty
Package: graphics 2019/11/30 v1.4a Standard LaTeX Graphics (DPC,SPQR)
(c:/texlive/2020/texmf-dist/tex/latex/graphics/trig.sty
Package: trig 2016/01/03 v1.10 sin cos tan (DPC)
) (c:/texlive/2020/texmf-dist/tex/latex/graphics-cfg/graphics.cfg
File: graphics.cfg 2016/06/04 v1.11 sample graphics configuration
)
Package graphics Info: Driver file: xetex.def on input line 105.
)
\Gin@req@height=\dimen156
\Gin@req@width=\dimen157
) (c:/texlive/2020/texmf-dist/tex/latex/multirow/multirow.sty
Package: multirow 2019/05/31 v2.5 Span multiple rows of a table
\multirow@colwidth=\skip52
\multirow@cntb=\count276
\multirow@dima=\skip53
\bigstrutjot=\dimen158
) (c:/texlive/2020/texmf-dist/tex/latex/float/float.sty
Package: float 2001/11/08 v1.3d Float enhancements (AL)
\c@float@type=\count277
\float@exts=\toks23
\float@box=\box48
\@float@everytoks=\toks24
\@floatcapt=\box49
) (c:/texlive/2020/texmf-dist/tex/latex/enumitem/enumitem.sty
Package: enumitem 2019/06/20 v3.9 Customized lists
\labelindent=\skip54
\enit@outerparindent=\dimen159
\enit@toks=\toks25
\enit@inbox=\box50
\enit@count@id=\count278
\enitdp@description=\count279
) (c:/texlive/2020/texmf-dist/tex/latex/mathtools/mathtools.sty
Package: mathtools 2020/03/24 v1.24 mathematical typesetting tools
(c:/texlive/2020/texmf-dist/tex/latex/tools/calc.sty
Package: calc 2017/05/25 v4.3 Infix arithmetic (KKT,FJ)
\calc@Acount=\count280
\calc@Bcount=\count281
\calc@Adimen=\dimen160
\calc@Bdimen=\dimen161
\calc@Askip=\skip55
\calc@Bskip=\skip56
LaTeX Info: Redefining \setlength on input line 80.
LaTeX Info: Redefining \addtolength on input line 81.
\calc@Ccount=\count282
\calc@Cskip=\skip57
) (c:/texlive/2020/texmf-dist/tex/latex/mathtools/mhsetup.sty
Package: mhsetup 2017/03/31 v1.3 programming setup (MH)
)
LaTeX Info: Thecontrolsequence`\('isalreadyrobust on input line 130.
LaTeX Info: Thecontrolsequence`\)'isalreadyrobust on input line 130.
LaTeX Info: Thecontrolsequence`\['isalreadyrobust on input line 130.
LaTeX Info: Thecontrolsequence`\]'isalreadyrobust on input line 130.
\g_MT_multlinerow_int=\count283
\l_MT_multwidth_dim=\dimen162
\origjot=\skip58
\l_MT_shortvdotswithinadjustabove_dim=\dimen163
\l_MT_shortvdotswithinadjustbelow_dim=\dimen164
\l_MT_above_intertext_sep=\dimen165
\l_MT_below_intertext_sep=\dimen166
\l_MT_above_shortintertext_sep=\dimen167
\l_MT_below_shortintertext_sep=\dimen168
\xmathstrut@box=\box51
\xmathstrut@dim=\dimen169
) (c:/texlive/2020/texmf-dist/tex/latex/hyperref/hyperref.sty
Package: hyperref 2020/01/14 v7.00d Hypertext links for LaTeX
(c:/texlive/2020/texmf-dist/tex/latex/pdftexcmds/pdftexcmds.sty
Package: pdftexcmds 2019/11/24 v0.31 Utility functions of pdfTeX for LuaTeX (HO)
(c:/texlive/2020/texmf-dist/tex/generic/infwarerr/infwarerr.sty
Package: infwarerr 2019/12/03 v1.5 Providing info/warning/error messages (HO)
)
Package pdftexcmds Info: \pdf@primitive is available.
Package pdftexcmds Info: \pdf@ifprimitive is available.
Package pdftexcmds Info: \pdfdraftmode not found.
) (c:/texlive/2020/texmf-dist/tex/generic/kvdefinekeys/kvdefinekeys.sty
Package: kvdefinekeys 2019-12-19 v1.6 Define keys (HO)
) (c:/texlive/2020/texmf-dist/tex/generic/pdfescape/pdfescape.sty
Package: pdfescape 2019/12/09 v1.15 Implements pdfTeX's escape features (HO)
) (c:/texlive/2020/texmf-dist/tex/latex/hycolor/hycolor.sty
Package: hycolor 2020-01-27 v1.10 Color options for hyperref/bookmark (HO)
) (c:/texlive/2020/texmf-dist/tex/latex/letltxmacro/letltxmacro.sty
Package: letltxmacro 2019/12/03 v1.6 Let assignment for LaTeX macros (HO)
) (c:/texlive/2020/texmf-dist/tex/latex/auxhook/auxhook.sty
Package: auxhook 2019-12-17 v1.6 Hooks for auxiliary files (HO)
)
\@linkdim=\dimen170
\Hy@linkcounter=\count284
\Hy@pagecounter=\count285
(c:/texlive/2020/texmf-dist/tex/latex/hyperref/pd1enc.def
File: pd1enc.def 2020/01/14 v7.00d Hyperref: PDFDocEncoding definition (HO)
) (c:/texlive/2020/texmf-dist/tex/generic/intcalc/intcalc.sty
Package: intcalc 2019/12/15 v1.3 Expandable calculations with integers (HO)
) (c:/texlive/2020/texmf-dist/tex/generic/etexcmds/etexcmds.sty
Package: etexcmds 2019/12/15 v1.7 Avoid name clashes with e-TeX commands (HO)
)
\Hy@SavedSpaceFactor=\count286
Package hyperref Info: Option `unicode' set `true' on input line 4421.
(c:/texlive/2020/texmf-dist/tex/latex/hyperref/puenc.def
File: puenc.def 2020/01/14 v7.00d Hyperref: PDF Unicode definition (HO)
)
Package hyperref Info: Hyper figures OFF on input line 4547.
Package hyperref Info: Link nesting OFF on input line 4552.
Package hyperref Info: Hyper index ON on input line 4555.
Package hyperref Info: Plain pages OFF on input line 4562.
Package hyperref Info: Backreferencing OFF on input line 4567.
Package hyperref Info: Implicit mode ON; LaTeX internals redefined.
Package hyperref Info: Bookmarks ON on input line 4800.
\c@Hy@tempcnt=\count287
(c:/texlive/2020/texmf-dist/tex/latex/url/url.sty
\Urlmuskip=\muskip18
Package: url 2013/09/16  ver 3.4  Verb mode for urls, etc.
)
LaTeX Info: Redefining \url on input line 5159.
\XeTeXLinkMargin=\dimen171
(c:/texlive/2020/texmf-dist/tex/generic/bitset/bitset.sty
Package: bitset 2019/12/09 v1.3 Handle bit-vector datatype (HO)
(c:/texlive/2020/texmf-dist/tex/generic/bigintcalc/bigintcalc.sty
Package: bigintcalc 2019/12/15 v1.5 Expandable calculations on big integers (HO)
))
\Fld@menulength=\count288
\Field@Width=\dimen172
\Fld@charsize=\dimen173
Package hyperref Info: Hyper figures OFF on input line 6430.
Package hyperref Info: Link nesting OFF on input line 6435.
Package hyperref Info: Hyper index ON on input line 6438.
Package hyperref Info: backreferencing OFF on input line 6445.
Package hyperref Info: Link coloring OFF on input line 6450.
Package hyperref Info: Link coloring with OCG OFF on input line 6455.
Package hyperref Info: PDF/A mode OFF on input line 6460.
LaTeX Info: Redefining \ref on input line 6500.
LaTeX Info: Redefining \pageref on input line 6504.
(c:/texlive/2020/texmf-dist/tex/generic/atbegshi/atbegshi.sty
Package: atbegshi 2019/12/05 v1.19 At begin shipout hook (HO)
)
\Hy@abspage=\count289
\c@Item=\count290
\c@Hfootnote=\count291
)
Package hyperref Info: Driver (autodetected): hxetex.
(c:/texlive/2020/texmf-dist/tex/latex/hyperref/hxetex.def
File: hxetex.def 2020/01/14 v7.00d Hyperref driver for XeTeX
(c:/texlive/2020/texmf-dist/tex/generic/stringenc/stringenc.sty
Package: stringenc 2019/11/29 v1.12 Convert strings between diff. encodings (HO)
)
\pdfm@box=\box52
\c@Hy@AnnotLevel=\count292
\HyField@AnnotCount=\count293
\Fld@listcount=\count294
\c@bookmark@seq@number=\count295
(c:/texlive/2020/texmf-dist/tex/latex/rerunfilecheck/rerunfilecheck.sty
Package: rerunfilecheck 2019/12/05 v1.9 Rerun checks for auxiliary files (HO)
(c:/texlive/2020/texmf-dist/tex/latex/atveryend/atveryend.sty
Package: atveryend 2019-12-11 v1.11 Hooks at the very end of document (HO)
) (c:/texlive/2020/texmf-dist/tex/generic/uniquecounter/uniquecounter.sty
Package: uniquecounter 2019/12/15 v1.4 Provide unlimited unique counter (HO)
)
Package uniquecounter Info: New unique counter `rerunfilecheck' on input line 286.
)
\Hy@SectionHShift=\skip59
) (c:/texlive/2020/texmf-dist/tex/latex/caption/caption.sty
Package: caption 2020/01/03 v3.4h Customizing captions (AR)
(c:/texlive/2020/texmf-dist/tex/latex/caption/caption3.sty
Package: caption3 2020/01/03 v1.8h caption3 kernel (AR)
Package caption3 Info: TeX engine: e-TeX on input line 61.
\captionmargin=\dimen174
\captionmargin@=\dimen175
\captionwidth=\dimen176
\caption@tempdima=\dimen177
\caption@indent=\dimen178
\caption@parindent=\dimen179
\caption@hangindent=\dimen180
Package caption Info: Standard document class detected.
)
\c@caption@flags=\count296
\c@continuedfloat=\count297
Package caption Info: float package is loaded.
Package caption Info: hyperref package is loaded.
) (c:/texlive/2020/texmf-dist/tex/latex/titling/titling.sty
Package: titling 2009/09/04 v2.1d maketitle typesetting
\thanksmarkwidth=\skip60
\thanksmargin=\skip61
\droptitle=\skip62
) (c:/texlive/2020/texmf-dist/tex/latex/base/inputenc.sty
Package: inputenc 2018/08/11 v1.3c Input encoding file
\inpenc@prehook=\toks26
\inpenc@posthook=\toks27

Package inputenc Warning: inputenc package ignored with utf8 based engines.

) (c:/texlive/2020/texmf-dist/tex/latex/base/fontenc.sty
Package: fontenc 2020/02/11 v2.0o Standard LaTeX package
(c:/texlive/2020/texmf-dist/tex/latex/cyrillic/t2aenc.def
File: t2aenc.def 2005/09/27 v1.0i Cyrillic encoding definition file
)
LaTeX Font Info:    Trying to load font information for T1+lmr on input line 112.
(c:/texlive/2020/texmf-dist/tex/latex/lm/t1lmr.fd
File: t1lmr.fd 2009/10/30 v1.6 Font defs for Latin Modern
)) (c:/texlive/2020/texmf-dist/tex/generic/babel/babel.sty
Package: babel 2020/03/22 3.42 The Babel package
(c:/texlive/2020/texmf-dist/tex/generic/babel/switch.def
File: switch.def 2020/03/22 3.42 Babel switching mechanism
) (c:/texlive/2020/texmf-dist/tex/generic/babel-polish/polish.ldf
Language: polish 2005/03/31 v1.2l Polish support from the babel system
(c:/texlive/2020/texmf-dist/tex/generic/babel/babel.def
File: babel.def 2020/03/22 3.42 Babel common definitions
\babel@savecnt=\count298
\U@D=\dimen181
(c:/texlive/2020/texmf-dist/tex/generic/babel/xebabel.def (c:/texlive/2020/texmf-dist/tex/generic/babel/txtbabel.def))
\bbl@readstream=\read2
\bbl@dirlevel=\count299
)
Package babel Info: Making " an active character on input line 83.
\pl@left=\dimen182
\pl@down=\dimen183
\pl@right=\dimen184
\pl@temp=\dimen185
) (c:/texlive/2020/texmf-dist/tex/generic/babel-ukrainian/ukraineb.ldf
Language: ukraineb 2018/04/11 1.4c Ukrainian support for the Babel system

Package babel Warning: inputenc should not be used with LuaTeX or XeTeX on input line 117.

Package babel Info: Default for \cyrdash is provided on input line 161.
Package ukrainian.ldf Info: Executing the 3.9 or latter on input line 167.
Package ukrainian.ldf Info: Executing the post 3.9 branch for dates on input line 245.
)) (c:/texlive/2020/texmf-dist/tex/latex/bookmark/bookmark.sty
Package: bookmark 2019/12/03 v1.28 PDF bookmarks (HO)
(c:/texlive/2020/texmf-dist/tex/latex/bookmark/bkm-dvipdfm.def
File: bkm-dvipdfm.def 2019/12/03 v1.28 bookmark driver for dvipdfm (HO)
\BKM@id=\count300
)) (c:/texlive/2020/texmf-dist/tex/latex/xurl/xurl.sty
Package: xurl 2020/01/24 v 0.09 modify URL breaks
) (./report.aux)
\openout1 = `report.aux'.

LaTeX Font Info:    Checking defaults for OML/cmm/m/it on input line 83.
LaTeX Font Info:    ... okay on input line 83.
LaTeX Font Info:    Checking defaults for OMS/cmsy/m/n on input line 83.
LaTeX Font Info:    ... okay on input line 83.
LaTeX Font Info:    Checking defaults for OT1/cmr/m/n on input line 83.
LaTeX Font Info:    ... okay on input line 83.
LaTeX Font Info:    Checking defaults for T1/cmr/m/n on input line 83.
LaTeX Font Info:    ... okay on input line 83.
LaTeX Font Info:    Checking defaults for TS1/cmr/m/n on input line 83.
LaTeX Font Info:    ... okay on input line 83.
LaTeX Font Info:    Checking defaults for TU/lmr/m/n on input line 83.
LaTeX Font Info:    ... okay on input line 83.
LaTeX Font Info:    Checking defaults for OMX/cmex/m/n on input line 83.
LaTeX Font Info:    ... okay on input line 83.
LaTeX Font Info:    Checking defaults for U/cmr/m/n on input line 83.
LaTeX Font Info:    ... okay on input line 83.
LaTeX Font Info:    Checking defaults for PD1/pdf/m/n on input line 83.
LaTeX Font Info:    ... okay on input line 83.
LaTeX Font Info:    Checking defaults for PU/pdf/m/n on input line 83.
LaTeX Font Info:    ... okay on input line 83.
LaTeX Font Info:    Checking defaults for T2A/cmr/m/n on input line 83.
LaTeX Font Info:    Trying to load font information for T2A+cmr on input line 83.
(c:/texlive/2020/texmf-dist/tex/latex/cyrillic/t2acmr.fd
File: t2acmr.fd 2001/08/11 v1.0a Computer Modern Cyrillic font definitions
)
LaTeX Font Info:    ... okay on input line 83.
LaTeX Font Info:    Overwriting math alphabet `\mathrm' in version `normal'
(Font)                  OT1/lmr/m/n --> TU/lmr/m/n on input line 83.
LaTeX Font Info:    Overwriting math alphabet `\mathit' in version `normal'
(Font)                  OT1/lmr/m/it --> TU/lmr/m/it on input line 83.
LaTeX Font Info:    Overwriting math alphabet `\mathbf' in version `normal'
(Font)                  OT1/lmr/bx/n --> TU/lmr/bx/n on input line 83.
LaTeX Font Info:    Overwriting math alphabet `\mathsf' in version `normal'
(Font)                  OT1/lmss/m/n --> TU/lmss/m/n on input line 83.
LaTeX Font Info:    Overwriting math alphabet `\mathsf' in version `bold'
(Font)                  OT1/lmss/bx/n --> TU/lmss/bx/n on input line 83.
LaTeX Font Info:    Overwriting math alphabet `\mathtt' in version `normal'
(Font)                  OT1/lmtt/m/n --> TU/lmtt/m/n on input line 83.
LaTeX Font Info:    Overwriting math alphabet `\mathtt' in version `bold'
(Font)                  OT1/lmtt/m/n --> TU/lmtt/bx/n on input line 83.

Package fontspec Info: latinmodern-math scale = 0.9989674084607602.


Package fontspec Info: latinmodern-math scale = 0.9989674084607602.


Package fontspec Info: latinmodern-math scale = 0.9989674084607602.


Package fontspec Info: Font family 'latinmodern-math.otf(0)' created for font
(fontspec)             'latinmodern-math.otf' with options
(fontspec)             [Scale=MatchLowercase,BoldItalicFont={},ItalicFont={},SmallCapsFont={},Script=Math,BoldFont={latinmodern-math.otf}].
(fontspec)              
(fontspec)              This font family consists of the following NFSS
(fontspec)             series/shapes:
(fontspec)              
(fontspec)             - 'normal' (m/n) with NFSS spec.:
(fontspec)             <->s*[0.9989674084607602]"[latinmodern-math.otf]/OT:script=math;language=dflt;"
(fontspec)             - 'small caps'  (m/sc) with NFSS spec.: 
(fontspec)             - 'bold' (b/n) with NFSS spec.:
(fontspec)             <->s*[0.9989674084607602]"[latinmodern-math.otf]/OT:script=math;language=dflt;"
(fontspec)             - 'bold small caps'  (b/sc) with NFSS spec.: 

LaTeX Font Info:    Trying to load font information for T1+latinmodern-math.otf(0) on input line 83.
LaTeX Font Info:    No file T1latinmodern-math.otf(0).fd. on input line 83.

LaTeX Font Warning: Font shape `T1/latinmodern-math.otf(0)/m/n' undefined
(Font)              using `T1/cmr/m/n' instead on input line 83.


Package unicode-math Warning: The first font loaded by unicode-math must be an
(unicode-math)                OpenType Math font (with script=math). If you
(unicode-math)                simply want ‘the default’ before loading
(unicode-math)                supplementary fonts over the top for certain
(unicode-math)                ranges, use: 
(unicode-math)                  \setmathfont{latinmodern-math.otf}


Package fontspec Info: latinmodern-math scale = 0.9989674084607602.


Package fontspec Info: latinmodern-math scale = 0.9989674084607602.


Package fontspec Info: latinmodern-math scale = 0.9989674084607602.


Package fontspec Info: latinmodern-math scale = 0.9989674084607602.


Package fontspec Info: latinmodern-math scale = 0.9989674084607602.


Package fontspec Info: Font family 'latinmodern-math.otf(1)' created for font
(fontspec)             'latinmodern-math.otf' with options
(fontspec)             [Scale=MatchLowercase,BoldItalicFont={},ItalicFont={},SmallCapsFont={},Script=Math,SizeFeatures={{Size=0-},{Size=0-0,Font=latinmodern-math.otf,Style=MathScript},{Size=-0,Font=latinmodern-math.otf,Style=MathScriptScript}},BoldFont={latinmodern-math.otf}].
(fontspec)              
(fontspec)              This font family consists of the following NFSS
(fontspec)             series/shapes:
(fontspec)              
(fontspec)             - 'normal' (m/n) with NFSS spec.:
(fontspec)             <0->s*[0.9989674084607602]"[latinmodern-math.otf]/OT:script=math;language=dflt;"<0-0>s*[0.9989674084607602]"[latinmodern-math.otf]/OT:script=math;language=dflt;+ssty=0;"<-0>s*[0.9989674084607602]"[latinmodern-math.otf]/OT:script=math;language=dflt;+ssty=1;"
(fontspec)             - 'small caps'  (m/sc) with NFSS spec.: 
(fontspec)             - 'bold' (b/n) with NFSS spec.:
(fontspec)             <->s*[0.9989674084607602]"[latinmodern-math.otf]/OT:script=math;language=dflt;"
(fontspec)             - 'bold small caps'  (b/sc) with NFSS spec.: 

LaTeX Font Info:    Trying to load font information for T1+latinmodern-math.otf(1) on input line 83.
LaTeX Font Info:    No file T1latinmodern-math.otf(1).fd. on input line 83.

LaTeX Font Warning: Font shape `T1/latinmodern-math.otf(1)/m/n' undefined
(Font)              using `T1/cmr/m/n' instead on input line 83.

LaTeX Font Info:    Encoding `OT1' has changed to `T1' for symbol font
(Font)              `operators' in the math version `normal' on input line 83.
LaTeX Font Info:    Overwriting symbol font `operators' in version `normal'
(Font)                  OT1/lmr/m/n --> T1/latinmodern-math.otf(1)/m/n on input line 83.
LaTeX Font Info:    Encoding `OT1' has changed to `T1' for symbol font
(Font)              `operators' in the math version `bold' on input line 83.
LaTeX Font Info:    Overwriting symbol font `operators' in version `bold'
(Font)                  OT1/lmr/bx/n --> T1/latinmodern-math.otf(1)/b/n on input line 83.

Package unicode-math Warning: Using \overbracket and \underbracket from
(unicode-math)                `mathtools' package.
(unicode-math)                 
(unicode-math)                 Use \Uoverbracket and \Uunderbracket for
(unicode-math)                original `unicode-math' definition.


Package unicode-math Warning: I'm going to overwrite the following commands
(unicode-math)                from the `mathtools' package: 
(unicode-math)                 
(unicode-math)                     \dblcolon, \coloneqq, \Coloneqq, \eqqcolon.
(unicode-math)                
(unicode-math)                 
(unicode-math)                 Note that since I won't overwrite the other
(unicode-math)                colon-like commands, using them will lead to
(unicode-math)                inconsistencies.

LaTeX Info: Redefining \microtypecontext on input line 83.
Package microtype Info: Character protrusion enabled (level 2).
Package microtype Info: Using protrusion set `basicmath'.
Package microtype Info: No adjustment of tracking.
Package microtype Info: No adjustment of spacing.
Package microtype Info: No adjustment of kerning.
(c:/texlive/2020/texmf-dist/tex/latex/microtype/mt-LatinModernRoman.cfg
File: mt-LatinModernRoman.cfg 2013/03/13 v1.0 microtype config. file: Latin Modern Roman (RS)
)
Package microtype Info: Loading generic protrusion settings for font family
(microtype)             `lmr' (encoding: T1).
(microtype)             For optimal results, create family-specific settings.
(microtype)             See the microtype manual for details.
*geometry* driver: auto-detecting
*geometry* detected driver: xetex
*geometry* verbose mode - [ preamble ] result:
* driver: xetex
* paper: <default>
* layout: <same size as paper>
* layoutoffset:(h,v)=(0.0pt,0.0pt)
* modes: 
* h-part:(L,W,R)=(72.26999pt, 469.75502pt, 72.26999pt)
* v-part:(T,H,B)=(72.26999pt, 650.43001pt, 72.26999pt)
* \paperwidth=614.295pt
* \paperheight=794.96999pt
* \textwidth=469.75502pt
* \textheight=650.43001pt
* \oddsidemargin=0.0pt
* \evensidemargin=0.0pt
* \topmargin=-37.0pt
* \headheight=12.0pt
* \headsep=25.0pt
* \topskip=12.0pt
* \footskip=30.0pt
* \marginparwidth=44.0pt
* \marginparsep=10.0pt
* \columnsep=10.0pt
* \skip\footins=10.8pt plus 4.0pt minus 2.0pt
* \hoffset=0.0pt
* \voffset=0.0pt
* \mag=1000
* \@twocolumnfalse
* \@twosidefalse
* \@mparswitchfalse
* \@reversemarginfalse
* (1in=72.27pt=25.4mm, 1cm=28.453pt)

\AtBeginShipoutBox=\box53
Package hyperref Info: Link coloring OFF on input line 83.
(c:/texlive/2020/texmf-dist/tex/latex/hyperref/nameref.sty
Package: nameref 2019/09/16 v2.46 Cross-referencing by name of section
(c:/texlive/2020/texmf-dist/tex/latex/refcount/refcount.sty
Package: refcount 2019/12/15 v3.6 Data extraction from label references (HO)
) (c:/texlive/2020/texmf-dist/tex/generic/gettitlestring/gettitlestring.sty
Package: gettitlestring 2019/12/15 v1.6 Cleanup title references (HO)
)
\c@section@level=\count301
)
LaTeX Info: Redefining \ref on input line 83.
LaTeX Info: Redefining \pageref on input line 83.
LaTeX Info: Redefining \nameref on input line 83.
Package caption Info: Begin \AtBeginDocument code.
Package caption Info: End \AtBeginDocument code.
File: ../images/logo_store.png Graphic file (type bmp)
<../images/logo_store.png>
LaTeX Font Info:    Trying to load font information for OML+lmm on input line 84.
(c:/texlive/2020/texmf-dist/tex/latex/lm/omllmm.fd
File: omllmm.fd 2009/10/30 v1.6 Font defs for Latin Modern
)
LaTeX Font Info:    Trying to load font information for OMS+lmsy on input line 84.
(c:/texlive/2020/texmf-dist/tex/latex/lm/omslmsy.fd
File: omslmsy.fd 2009/10/30 v1.6 Font defs for Latin Modern
)
LaTeX Font Info:    Trying to load font information for OMX+lmex on input line 84.
(c:/texlive/2020/texmf-dist/tex/latex/lm/omxlmex.fd
File: omxlmex.fd 2009/10/30 v1.6 Font defs for Latin Modern
)
LaTeX Font Info:    External font `lmex10' loaded for size
(Font)              <14.4> on input line 84.
LaTeX Font Info:    External font `lmex10' loaded for size
(Font)              <10> on input line 84.
LaTeX Font Info:    External font `lmex10' loaded for size
(Font)              <7> on input line 84.
LaTeX Font Info:    Trying to load font information for U+msa on input line 84.
(c:/texlive/2020/texmf-dist/tex/latex/amsfonts/umsa.fd
File: umsa.fd 2013/01/14 v3.01 AMS symbols A
) (c:/texlive/2020/texmf-dist/tex/latex/microtype/mt-msa.cfg
File: mt-msa.cfg 2006/02/04 v1.1 microtype config. file: AMS symbols (a) (RS)
)
LaTeX Font Info:    Trying to load font information for U+msb on input line 84.
(c:/texlive/2020/texmf-dist/tex/latex/amsfonts/umsb.fd
File: umsb.fd 2013/01/14 v3.01 AMS symbols B
) (c:/texlive/2020/texmf-dist/tex/latex/microtype/mt-msb.cfg
File: mt-msb.cfg 2005/06/01 v1.0 microtype config. file: AMS symbols (b) (RS)
) (./report.toc)
\tf@toc=\write3
\openout3 = `report.toc'.

[1

]

LaTeX Warning: Reference `fig:liczba_rejestracji' on page 2 undefined on input line 104.


LaTeX Warning: Reference `fig:liczba_wypozyczen' on page 2 undefined on input line 105.

File: report_files/figure-latex/unnamed-chunk-4-1.pdf Graphic file (type pdf)
<use report_files/figure-latex/unnamed-chunk-4-1.pdf>
File: report_files/figure-latex/unnamed-chunk-5-3.pdf Graphic file (type pdf)
<use report_files/figure-latex/unnamed-chunk-5-3.pdf>

Underfull \hbox (badness 10000) in paragraph at lines 107--109
[][]
 []

[2]
File: report_files/figure-latex/unnamed-chunk-6-5.pdf Graphic file (type pdf)
<use report_files/figure-latex/unnamed-chunk-6-5.pdf>
Missing character: There is no Р in font [lmroman12-regular]:mapping=tex-text;!
Missing character: There is no и in font [lmroman12-regular]:mapping=tex-text;!
Missing character: There is no с in font [lmroman12-regular]:mapping=tex-text;!
Missing character: There is no Р in font [lmroman12-regular]:mapping=tex-text;!
Missing character: There is no и in font [lmroman12-regular]:mapping=tex-text;!
Missing character: There is no с in font [lmroman12-regular]:mapping=tex-text;!
Missing character: There is no Р in font [lmroman12-regular]:mapping=tex-text;!
Missing character: There is no и in font [lmroman12-regular]:mapping=tex-text;!
Missing character: There is no с in font [lmroman12-regular]:mapping=tex-text;!
Missing character: There is no Р in font [lmroman12-regular]:mapping=tex-text;!
Missing character: There is no и in font [lmroman12-regular]:mapping=tex-text;!
Missing character: There is no с in font [lmroman12-regular]:mapping=tex-text;!
[3] (./tex_tables/df1.tex
Missing character: There is no Т in font [lmroman12-regular]:mapping=tex-text;!
Missing character: There is no а in font [lmroman12-regular]:mapping=tex-text;!
Missing character: There is no б in font [lmroman12-regular]:mapping=tex-text;!
Missing character: There is no л in font [lmroman12-regular]:mapping=tex-text;!
Missing character: There is no и in font [lmroman12-regular]:mapping=tex-text;!
Missing character: There is no ц in font [lmroman12-regular]:mapping=tex-text;!
Missing character: There is no я in font [lmroman12-regular]:mapping=tex-text;!
Missing character: There is no Т in font [lmroman12-regular]:mapping=tex-text;!
Missing character: There is no а in font [lmroman12-regular]:mapping=tex-text;!
Missing character: There is no б in font [lmroman12-regular]:mapping=tex-text;!
Missing character: There is no л in font [lmroman12-regular]:mapping=tex-text;!
Missing character: There is no и in font [lmroman12-regular]:mapping=tex-text;!
Missing character: There is no ц in font [lmroman12-regular]:mapping=tex-text;!
Missing character: There is no я in font [lmroman12-regular]:mapping=tex-text;!
Missing character: There is no Т in font [lmroman12-regular]:mapping=tex-text;!
Missing character: There is no а in font [lmroman12-regular]:mapping=tex-text;!
Missing character: There is no б in font [lmroman12-regular]:mapping=tex-text;!
Missing character: There is no л in font [lmroman12-regular]:mapping=tex-text;!
Missing character: There is no и in font [lmroman12-regular]:mapping=tex-text;!
Missing character: There is no ц in font [lmroman12-regular]:mapping=tex-text;!
Missing character: There is no я in font [lmroman12-regular]:mapping=tex-text;!
Missing character: There is no Т in font [lmroman12-regular]:mapping=tex-text;!
Missing character: There is no а in font [lmroman12-regular]:mapping=tex-text;!
Missing character: There is no б in font [lmroman12-regular]:mapping=tex-text;!
Missing character: There is no л in font [lmroman12-regular]:mapping=tex-text;!
Missing character: There is no и in font [lmroman12-regular]:mapping=tex-text;!
Missing character: There is no ц in font [lmroman12-regular]:mapping=tex-text;!
Missing character: There is no я in font [lmroman12-regular]:mapping=tex-text;!
LaTeX Font Info:    External font `lmex10' loaded for size
(Font)              <12> on input line 4.
LaTeX Font Info:    External font `lmex10' loaded for size
(Font)              <8> on input line 4.
LaTeX Font Info:    External font `lmex10' loaded for size
(Font)              <6> on input line 4.

LaTeX Warning: `h' float specifier changed to `ht'.

)
Underfull \hbox (badness 2600) in paragraph at lines 127--132
\TU/lmr/m/n/12 który/a tytuł ten otrzymał/a łącznie 25 razy. Najwięcej odnotowanych sprzedaży
 []


Underfull \hbox (badness 1132) in paragraph at lines 135--142
\TU/lmr/m/n/12 Ranking zawodników został wyznaczony dla trzech wybranych gier turniejowych na
 []

(./tex_tables/df2.tex
Missing character: There is no Т in font [lmroman12-regular]:mapping=tex-text;!
Missing character: There is no а in font [lmroman12-regular]:mapping=tex-text;!
Missing character: There is no б in font [lmroman12-regular]:mapping=tex-text;!
Missing character: There is no л in font [lmroman12-regular]:mapping=tex-text;!
Missing character: There is no и in font [lmroman12-regular]:mapping=tex-text;!
Missing character: There is no ц in font [lmroman12-regular]:mapping=tex-text;!
Missing character: There is no я in font [lmroman12-regular]:mapping=tex-text;!
Missing character: There is no Т in font [lmroman12-regular]:mapping=tex-text;!
Missing character: There is no а in font [lmroman12-regular]:mapping=tex-text;!
Missing character: There is no б in font [lmroman12-regular]:mapping=tex-text;!
Missing character: There is no л in font [lmroman12-regular]:mapping=tex-text;!
Missing character: There is no и in font [lmroman12-regular]:mapping=tex-text;!
Missing character: There is no ц in font [lmroman12-regular]:mapping=tex-text;!
Missing character: There is no я in font [lmroman12-regular]:mapping=tex-text;!
Missing character: There is no Т in font [lmroman12-regular]:mapping=tex-text;!
Missing character: There is no а in font [lmroman12-regular]:mapping=tex-text;!
Missing character: There is no б in font [lmroman12-regular]:mapping=tex-text;!
Missing character: There is no л in font [lmroman12-regular]:mapping=tex-text;!
Missing character: There is no и in font [lmroman12-regular]:mapping=tex-text;!
Missing character: There is no ц in font [lmroman12-regular]:mapping=tex-text;!
Missing character: There is no я in font [lmroman12-regular]:mapping=tex-text;!
Missing character: There is no Т in font [lmroman12-regular]:mapping=tex-text;!
Missing character: There is no а in font [lmroman12-regular]:mapping=tex-text;!
Missing character: There is no б in font [lmroman12-regular]:mapping=tex-text;!
Missing character: There is no л in font [lmroman12-regular]:mapping=tex-text;!
Missing character: There is no и in font [lmroman12-regular]:mapping=tex-text;!
Missing character: There is no ц in font [lmroman12-regular]:mapping=tex-text;!
Missing character: There is no я in font [lmroman12-regular]:mapping=tex-text;!
Missing character: There is no І in font [lmroman12-regular]:mapping=tex-text;!
Missing character: There is no г in font [lmroman12-regular]:mapping=tex-text;!
Missing character: There is no н in font [lmroman12-regular]:mapping=tex-text;!
Missing character: There is no а in font [lmroman12-regular]:mapping=tex-text;!
Missing character: There is no т in font [lmroman12-regular]:mapping=tex-text;!
Missing character: There is no В in font [lmroman12-regular]:mapping=tex-text;!
Missing character: There is no е in font [lmroman12-regular]:mapping=tex-text;!
Missing character: There is no л in font [lmroman12-regular]:mapping=tex-text;!
Missing character: There is no и in font [lmroman12-regular]:mapping=tex-text;!
Missing character: There is no ч in font [lmroman12-regular]:mapping=tex-text;!
Missing character: There is no к in font [lmroman12-regular]:mapping=tex-text;!
Missing character: There is no о in font [lmroman12-regular]:mapping=tex-text;!
Missing character: There is no Т in font [lmroman12-regular]:mapping=tex-text;!
Missing character: There is no а in font [lmroman12-regular]:mapping=tex-text;!
Missing character: There is no б in font [lmroman12-regular]:mapping=tex-text;!
Missing character: There is no л in font [lmroman12-regular]:mapping=tex-text;!
Missing character: There is no и in font [lmroman12-regular]:mapping=tex-text;!
Missing character: There is no ц in font [lmroman12-regular]:mapping=tex-text;!
Missing character: There is no я in font [lmroman12-regular]:mapping=tex-text;!
Missing character: There is no Т in font [lmroman12-regular]:mapping=tex-text;!
Missing character: There is no а in font [lmroman12-regular]:mapping=tex-text;!
Missing character: There is no б in font [lmroman12-regular]:mapping=tex-text;!
Missing character: There is no л in font [lmroman12-regular]:mapping=tex-text;!
Missing character: There is no и in font [lmroman12-regular]:mapping=tex-text;!
Missing character: There is no ц in font [lmroman12-regular]:mapping=tex-text;!
Missing character: There is no я in font [lmroman12-regular]:mapping=tex-text;!
Missing character: There is no Т in font [lmroman12-regular]:mapping=tex-text;!
Missing character: There is no а in font [lmroman12-regular]:mapping=tex-text;!
Missing character: There is no б in font [lmroman12-regular]:mapping=tex-text;!
Missing character: There is no л in font [lmroman12-regular]:mapping=tex-text;!
Missing character: There is no и in font [lmroman12-regular]:mapping=tex-text;!
Missing character: There is no ц in font [lmroman12-regular]:mapping=tex-text;!
Missing character: There is no я in font [lmroman12-regular]:mapping=tex-text;!
Missing character: There is no Т in font [lmroman12-regular]:mapping=tex-text;!
Missing character: There is no а in font [lmroman12-regular]:mapping=tex-text;!
Missing character: There is no б in font [lmroman12-regular]:mapping=tex-text;!
Missing character: There is no л in font [lmroman12-regular]:mapping=tex-text;!
Missing character: There is no и in font [lmroman12-regular]:mapping=tex-text;!
Missing character: There is no ц in font [lmroman12-regular]:mapping=tex-text;!
Missing character: There is no я in font [lmroman12-regular]:mapping=tex-text;!
Missing character: There is no О in font [lmroman12-regular]:mapping=tex-text;!
Missing character: There is no х in font [lmroman12-regular]:mapping=tex-text;!
Missing character: There is no р in font [lmroman12-regular]:mapping=tex-text;!
Missing character: There is no і in font [lmroman12-regular]:mapping=tex-text;!
Missing character: There is no м in font [lmroman12-regular]:mapping=tex-text;!
Missing character: There is no С in font [lmroman12-regular]:mapping=tex-text;!
Missing character: There is no к in font [lmroman12-regular]:mapping=tex-text;!
Missing character: There is no и in font [lmroman12-regular]:mapping=tex-text;!
Missing character: There is no б in font [lmroman12-regular]:mapping=tex-text;!
Missing character: There is no а in font [lmroman12-regular]:mapping=tex-text;!
Missing character: There is no І in font [lmroman12-regular]:mapping=tex-text;!
Missing character: There is no г in font [lmroman12-regular]:mapping=tex-text;!
Missing character: There is no н in font [lmroman12-regular]:mapping=tex-text;!
Missing character: There is no а in font [lmroman12-regular]:mapping=tex-text;!
Missing character: There is no т in font [lmroman12-regular]:mapping=tex-text;!
Missing character: There is no В in font [lmroman12-regular]:mapping=tex-text;!
Missing character: There is no е in font [lmroman12-regular]:mapping=tex-text;!
Missing character: There is no л in font [lmroman12-regular]:mapping=tex-text;!
Missing character: There is no и in font [lmroman12-regular]:mapping=tex-text;!
Missing character: There is no ч in font [lmroman12-regular]:mapping=tex-text;!
Missing character: There is no к in font [lmroman12-regular]:mapping=tex-text;!
Missing character: There is no о in font [lmroman12-regular]:mapping=tex-text;!
Missing character: There is no Ф in font [lmroman12-regular]:mapping=tex-text;!
Missing character: There is no е in font [lmroman12-regular]:mapping=tex-text;!
Missing character: There is no о in font [lmroman12-regular]:mapping=tex-text;!
Missing character: There is no ф in font [lmroman12-regular]:mapping=tex-text;!
Missing character: There is no а in font [lmroman12-regular]:mapping=tex-text;!
Missing character: There is no н in font [lmroman12-regular]:mapping=tex-text;!
Missing character: There is no І in font [lmroman12-regular]:mapping=tex-text;!
Missing character: There is no с in font [lmroman12-regular]:mapping=tex-text;!
Missing character: There is no а in font [lmroman12-regular]:mapping=tex-text;!
Missing character: There is no є in font [lmroman12-regular]:mapping=tex-text;!
Missing character: There is no в in font [lmroman12-regular]:mapping=tex-text;!
Missing character: There is no и in font [lmroman12-regular]:mapping=tex-text;!
Missing character: There is no ч in font [lmroman12-regular]:mapping=tex-text;!

LaTeX Warning: `h' float specifier changed to `ht'.

) (./tex_tables/df22.tex
Missing character: There is no Т in font [lmroman12-regular]:mapping=tex-text;!
Missing character: There is no а in font [lmroman12-regular]:mapping=tex-text;!
Missing character: There is no б in font [lmroman12-regular]:mapping=tex-text;!
Missing character: There is no л in font [lmroman12-regular]:mapping=tex-text;!
Missing character: There is no и in font [lmroman12-regular]:mapping=tex-text;!
Missing character: There is no ц in font [lmroman12-regular]:mapping=tex-text;!
Missing character: There is no я in font [lmroman12-regular]:mapping=tex-text;!
Missing character: There is no Т in font [lmroman12-regular]:mapping=tex-text;!
Missing character: There is no а in font [lmroman12-regular]:mapping=tex-text;!
Missing character: There is no б in font [lmroman12-regular]:mapping=tex-text;!
Missing character: There is no л in font [lmroman12-regular]:mapping=tex-text;!
Missing character: There is no и in font [lmroman12-regular]:mapping=tex-text;!
Missing character: There is no ц in font [lmroman12-regular]:mapping=tex-text;!
Missing character: There is no я in font [lmroman12-regular]:mapping=tex-text;!
Missing character: There is no Т in font [lmroman12-regular]:mapping=tex-text;!
Missing character: There is no а in font [lmroman12-regular]:mapping=tex-text;!
Missing character: There is no б in font [lmroman12-regular]:mapping=tex-text;!
Missing character: There is no л in font [lmroman12-regular]:mapping=tex-text;!
Missing character: There is no и in font [lmroman12-regular]:mapping=tex-text;!
Missing character: There is no ц in font [lmroman12-regular]:mapping=tex-text;!
Missing character: There is no я in font [lmroman12-regular]:mapping=tex-text;!
Missing character: There is no Т in font [lmroman12-regular]:mapping=tex-text;!
Missing character: There is no а in font [lmroman12-regular]:mapping=tex-text;!
Missing character: There is no б in font [lmroman12-regular]:mapping=tex-text;!
Missing character: There is no л in font [lmroman12-regular]:mapping=tex-text;!
Missing character: There is no и in font [lmroman12-regular]:mapping=tex-text;!
Missing character: There is no ц in font [lmroman12-regular]:mapping=tex-text;!
Missing character: There is no я in font [lmroman12-regular]:mapping=tex-text;!

LaTeX Warning: `h' float specifier changed to `ht'.

) [4] (./tex_tables/rentals_df.tex
Missing character: There is no Т in font [lmroman12-regular]:mapping=tex-text;!
Missing character: There is no а in font [lmroman12-regular]:mapping=tex-text;!
Missing character: There is no б in font [lmroman12-regular]:mapping=tex-text;!
Missing character: There is no л in font [lmroman12-regular]:mapping=tex-text;!
Missing character: There is no и in font [lmroman12-regular]:mapping=tex-text;!
Missing character: There is no ц in font [lmroman12-regular]:mapping=tex-text;!
Missing character: There is no я in font [lmroman12-regular]:mapping=tex-text;!
Missing character: There is no Т in font [lmroman12-regular]:mapping=tex-text;!
Missing character: There is no а in font [lmroman12-regular]:mapping=tex-text;!
Missing character: There is no б in font [lmroman12-regular]:mapping=tex-text;!
Missing character: There is no л in font [lmroman12-regular]:mapping=tex-text;!
Missing character: There is no и in font [lmroman12-regular]:mapping=tex-text;!
Missing character: There is no ц in font [lmroman12-regular]:mapping=tex-text;!
Missing character: There is no я in font [lmroman12-regular]:mapping=tex-text;!
Missing character: There is no Т in font [lmroman12-regular]:mapping=tex-text;!
Missing character: There is no а in font [lmroman12-regular]:mapping=tex-text;!
Missing character: There is no б in font [lmroman12-regular]:mapping=tex-text;!
Missing character: There is no л in font [lmroman12-regular]:mapping=tex-text;!
Missing character: There is no и in font [lmroman12-regular]:mapping=tex-text;!
Missing character: There is no ц in font [lmroman12-regular]:mapping=tex-text;!
Missing character: There is no я in font [lmroman12-regular]:mapping=tex-text;!
Missing character: There is no Т in font [lmroman12-regular]:mapping=tex-text;!
Missing character: There is no а in font [lmroman12-regular]:mapping=tex-text;!
Missing character: There is no б in font [lmroman12-regular]:mapping=tex-text;!
Missing character: There is no л in font [lmroman12-regular]:mapping=tex-text;!
Missing character: There is no и in font [lmroman12-regular]:mapping=tex-text;!
Missing character: There is no ц in font [lmroman12-regular]:mapping=tex-text;!
Missing character: There is no я in font [lmroman12-regular]:mapping=tex-text;!

LaTeX Warning: `h' float specifier changed to `ht'.

) (./tex_tables/purchases_df.tex
Missing character: There is no Т in font [lmroman12-regular]:mapping=tex-text;!
Missing character: There is no а in font [lmroman12-regular]:mapping=tex-text;!
Missing character: There is no б in font [lmroman12-regular]:mapping=tex-text;!
Missing character: There is no л in font [lmroman12-regular]:mapping=tex-text;!
Missing character: There is no и in font [lmroman12-regular]:mapping=tex-text;!
Missing character: There is no ц in font [lmroman12-regular]:mapping=tex-text;!
Missing character: There is no я in font [lmroman12-regular]:mapping=tex-text;!
Missing character: There is no Т in font [lmroman12-regular]:mapping=tex-text;!
Missing character: There is no а in font [lmroman12-regular]:mapping=tex-text;!
Missing character: There is no б in font [lmroman12-regular]:mapping=tex-text;!
Missing character: There is no л in font [lmroman12-regular]:mapping=tex-text;!
Missing character: There is no и in font [lmroman12-regular]:mapping=tex-text;!
Missing character: There is no ц in font [lmroman12-regular]:mapping=tex-text;!
Missing character: There is no я in font [lmroman12-regular]:mapping=tex-text;!
Missing character: There is no Т in font [lmroman12-regular]:mapping=tex-text;!
Missing character: There is no а in font [lmroman12-regular]:mapping=tex-text;!
Missing character: There is no б in font [lmroman12-regular]:mapping=tex-text;!
Missing character: There is no л in font [lmroman12-regular]:mapping=tex-text;!
Missing character: There is no и in font [lmroman12-regular]:mapping=tex-text;!
Missing character: There is no ц in font [lmroman12-regular]:mapping=tex-text;!
Missing character: There is no я in font [lmroman12-regular]:mapping=tex-text;!
Missing character: There is no Т in font [lmroman12-regular]:mapping=tex-text;!
Missing character: There is no а in font [lmroman12-regular]:mapping=tex-text;!
Missing character: There is no б in font [lmroman12-regular]:mapping=tex-text;!
Missing character: There is no л in font [lmroman12-regular]:mapping=tex-text;!
Missing character: There is no и in font [lmroman12-regular]:mapping=tex-text;!
Missing character: There is no ц in font [lmroman12-regular]:mapping=tex-text;!
Missing character: There is no я in font [lmroman12-regular]:mapping=tex-text;!

LaTeX Warning: `h' float specifier changed to `ht'.

)
File: report_files/figure-latex/unnamed-chunk-11-7.pdf Graphic file (type pdf)
<use report_files/figure-latex/unnamed-chunk-11-7.pdf>
Missing character: There is no Р in font [lmroman12-regular]:mapping=tex-text;!
Missing character: There is no и in font [lmroman12-regular]:mapping=tex-text;!
Missing character: There is no с in font [lmroman12-regular]:mapping=tex-text;!
Missing character: There is no Р in font [lmroman12-regular]:mapping=tex-text;!
Missing character: There is no и in font [lmroman12-regular]:mapping=tex-text;!
Missing character: There is no с in font [lmroman12-regular]:mapping=tex-text;!
Missing character: There is no Р in font [lmroman12-regular]:mapping=tex-text;!
Missing character: There is no и in font [lmroman12-regular]:mapping=tex-text;!
Missing character: There is no с in font [lmroman12-regular]:mapping=tex-text;!
Missing character: There is no Р in font [lmroman12-regular]:mapping=tex-text;!
Missing character: There is no и in font [lmroman12-regular]:mapping=tex-text;!
Missing character: There is no с in font [lmroman12-regular]:mapping=tex-text;!
[5] (./tex_tables/age_rentdf.tex
Missing character: There is no Т in font [lmroman12-regular]:mapping=tex-text;!
Missing character: There is no а in font [lmroman12-regular]:mapping=tex-text;!
Missing character: There is no б in font [lmroman12-regular]:mapping=tex-text;!
Missing character: There is no л in font [lmroman12-regular]:mapping=tex-text;!
Missing character: There is no и in font [lmroman12-regular]:mapping=tex-text;!
Missing character: There is no ц in font [lmroman12-regular]:mapping=tex-text;!
Missing character: There is no я in font [lmroman12-regular]:mapping=tex-text;!
Missing character: There is no Т in font [lmroman12-regular]:mapping=tex-text;!
Missing character: There is no а in font [lmroman12-regular]:mapping=tex-text;!
Missing character: There is no б in font [lmroman12-regular]:mapping=tex-text;!
Missing character: There is no л in font [lmroman12-regular]:mapping=tex-text;!
Missing character: There is no и in font [lmroman12-regular]:mapping=tex-text;!
Missing character: There is no ц in font [lmroman12-regular]:mapping=tex-text;!
Missing character: There is no я in font [lmroman12-regular]:mapping=tex-text;!
Missing character: There is no Т in font [lmroman12-regular]:mapping=tex-text;!
Missing character: There is no а in font [lmroman12-regular]:mapping=tex-text;!
Missing character: There is no б in font [lmroman12-regular]:mapping=tex-text;!
Missing character: There is no л in font [lmroman12-regular]:mapping=tex-text;!
Missing character: There is no и in font [lmroman12-regular]:mapping=tex-text;!
Missing character: There is no ц in font [lmroman12-regular]:mapping=tex-text;!
Missing character: There is no я in font [lmroman12-regular]:mapping=tex-text;!
Missing character: There is no Т in font [lmroman12-regular]:mapping=tex-text;!
Missing character: There is no а in font [lmroman12-regular]:mapping=tex-text;!
Missing character: There is no б in font [lmroman12-regular]:mapping=tex-text;!
Missing character: There is no л in font [lmroman12-regular]:mapping=tex-text;!
Missing character: There is no и in font [lmroman12-regular]:mapping=tex-text;!
Missing character: There is no ц in font [lmroman12-regular]:mapping=tex-text;!
Missing character: There is no я in font [lmroman12-regular]:mapping=tex-text;!

LaTeX Warning: `h' float specifier changed to `ht'.

)
Package atveryend Info: Empty hook `BeforeClearDocument' on input line 212.
[6] [7] [8] [9]
Package atveryend Info: Empty hook `AfterLastShipout' on input line 212.
(./report.aux)
Package atveryend Info: Empty hook `AtVeryEndDocument' on input line 212.
Package atveryend Info: Empty hook `AtEndAfterFileList' on input line 212.

LaTeX Font Warning: Some font shapes were not available, defaults substituted.


LaTeX Warning: There were undefined references.

 ) 
Here is how much of TeX's memory you used:
 21809 strings out of 479418
 383632 string characters out of 5888105
 779220 words of memory out of 5000000
 38989 multiletter control sequences out of 15000+600000
 547175 words of font info for 65 fonts, out of 8000000 for 9000
 1348 hyphenation exceptions out of 8191
 58i,10n,116p,805b,422s stack positions out of 5000i,500n,10000p,200000b,80000s

Output written on report.pdf (9 pages).
